AR_Test/Library/Bee/Android/Prj/Mono2x/Gradle/launcher/build/intermediates/manifest_merge_blame_file/release/manifest-merger-blame-release-report.txt
1<?xml version="1.0" encoding="utf-8"?>
2<manifest xmlns:android="http://schemas.android.com/apk/res/android"
3    package="com.zinouuu.AR_Test"
4    android:installLocation="preferExternal"
5    android:versionCode="1"
6    android:versionName="0.1" >
7
8    <uses-sdk
9        android:minSdkVersion="26"
9-->src\main\AndroidManifest.xml
10        android:targetSdkVersion="31" />
10-->src\main\AndroidManifest.xml
11
12    <supports-screens
12-->src\main\AndroidManifest.xml:3:3-163
13        android:anyDensity="true"
13-->src\main\AndroidManifest.xml:3:135-160
14        android:largeScreens="true"
14-->src\main\AndroidManifest.xml:3:78-105
15        android:normalScreens="true"
15-->src\main\AndroidManifest.xml:3:49-77
16        android:smallScreens="true"
16-->src\main\AndroidManifest.xml:3:21-48
17        android:xlargeScreens="true" />
17-->src\main\AndroidManifest.xml:3:106-134
18
19    <uses-feature android:glEsVersion="0x00030000" />
19-->[:unityLibrary] AndroidManifest.xml:12:5-54
19-->[:unityLibrary] AndroidManifest.xml:12:19-51
20
21    <uses-permission android:name="android.permission.INTERNET" />
21-->[:unityLibrary] AndroidManifest.xml:14:5-67
21-->[:unityLibrary] AndroidManifest.xml:14:22-64
22    <uses-permission android:name="android.permission.ACCESS_NETWORK_STATE" />
22-->[:unityLibrary] AndroidManifest.xml:15:5-79
22-->[:unityLibrary] AndroidManifest.xml:15:22-76
23
24    <uses-feature
24-->[:unityLibrary] AndroidManifest.xml:17:5-19:36
25        android:name="android.hardware.touchscreen"
25-->[:unityLibrary] AndroidManifest.xml:18:9-52
26        android:required="false" />
26-->[:unityLibrary] AndroidManifest.xml:19:9-33
27    <uses-feature
27-->[:unityLibrary] AndroidManifest.xml:20:5-22:36
28        android:name="android.hardware.touchscreen.multitouch"
28-->[:unityLibrary] AndroidManifest.xml:21:9-63
29        android:required="false" />
29-->[:unityLibrary] AndroidManifest.xml:22:9-33
30    <uses-feature
30-->[:unityLibrary] AndroidManifest.xml:23:5-25:36
31        android:name="android.hardware.touchscreen.multitouch.distinct"
31-->[:unityLibrary] AndroidManifest.xml:24:9-72
32        android:required="false" />
32-->[:unityLibrary] AndroidManifest.xml:25:9-33
33
34    <uses-permission android:name="android.permission.CAMERA" />
34-->[:unityLibrary] AndroidManifest.xml:27:5-65
34-->[:unityLibrary] AndroidManifest.xml:27:22-62
35
36    <uses-feature
36-->[:unityLibrary] AndroidManifest.xml:29:5-31:35
37        android:name="android.hardware.camera.ar"
37-->[:unityLibrary] AndroidManifest.xml:30:9-50
38        android:required="true" />
38-->[:unityLibrary] AndroidManifest.xml:31:9-32
39    <uses-feature
39-->[:unityLibrary] AndroidManifest.xml:32:5-34:35
40        android:name="com.google.ar.core.depth"
40-->[:unityLibrary] AndroidManifest.xml:33:9-48
41        android:required="true" />
41-->[:unityLibrary] AndroidManifest.xml:34:9-32
42
43    <queries>
43-->[:arcore_client:] AndroidManifest.xml:29:5-31:15
44        <package android:name="com.google.ar.core" />
44-->[:arcore_client:] AndroidManifest.xml:30:9-54
44-->[:arcore_client:] AndroidManifest.xml:30:18-51
45    </queries>
46
47    <application
47-->src\main\AndroidManifest.xml:4:3-83
48        android:extractNativeLibs="true"
48-->[:unityLibrary] AndroidManifest.xml:36:18-50
49        android:icon="@mipmap/app_icon"
49-->src\main\AndroidManifest.xml:4:49-80
50        android:label="@string/app_name" >
50-->src\main\AndroidManifest.xml:4:16-48
51        <activity
51-->[:unityLibrary] AndroidManifest.xml:37:9-58:20
52            android:name="com.unity3d.player.UnityPlayerActivity"
52-->[:unityLibrary] AndroidManifest.xml:38:13-66
53            android:configChanges="mcc|mnc|locale|touchscreen|keyboard|keyboardHidden|navigation|orientation|screenLayout|uiMode|screenSize|smallestScreenSize|fontScale|layoutDirection|density"
53-->[:unityLibrary] AndroidManifest.xml:39:13-194
54            android:exported="true"
54-->[:unityLibrary] AndroidManifest.xml:40:13-36
55            android:hardwareAccelerated="false"
55-->[:unityLibrary] AndroidManifest.xml:41:13-48
56            android:launchMode="singleTask"
56-->[:unityLibrary] AndroidManifest.xml:42:13-44
57            android:resizeableActivity="false"
57-->[:unityLibrary] AndroidManifest.xml:43:13-47
58            android:screenOrientation="fullSensor"
58-->[:unityLibrary] AndroidManifest.xml:44:13-51
59            android:theme="@style/UnityThemeSelector" >
59-->[:unityLibrary] AndroidManifest.xml:45:13-54
60            <intent-filter>
60-->[:unityLibrary] AndroidManifest.xml:46:13-50:29
61                <action android:name="android.intent.action.MAIN" />
61-->[:unityLibrary] AndroidManifest.xml:47:17-69
61-->[:unityLibrary] AndroidManifest.xml:47:25-66
62
63                <category android:name="android.intent.category.LAUNCHER" />
63-->[:unityLibrary] AndroidManifest.xml:49:17-77
63-->[:unityLibrary] AndroidManifest.xml:49:27-74
64            </intent-filter>
65
66            <meta-data
66-->[:unityLibrary] AndroidManifest.xml:52:13-54:40
67                android:name="unityplayer.UnityActivity"
67-->[:unityLibrary] AndroidManifest.xml:53:17-57
68                android:value="true" />
68-->[:unityLibrary] AndroidManifest.xml:54:17-37
69            <meta-data
69-->[:unityLibrary] AndroidManifest.xml:55:13-57:40
70                android:name="android.notch_support"
70-->[:unityLibrary] AndroidManifest.xml:56:17-53
71                android:value="true" />
71-->[:unityLibrary] AndroidManifest.xml:57:17-37
72        </activity>
73
74        <meta-data
74-->[:unityLibrary] AndroidManifest.xml:60:9-62:33
75            android:name="unity.splash-mode"
75-->[:unityLibrary] AndroidManifest.xml:61:13-45
76            android:value="0" />
76-->[:unityLibrary] AndroidManifest.xml:62:13-30
77        <meta-data
77-->[:unityLibrary] AndroidManifest.xml:63:9-65:36
78            android:name="unity.splash-enable"
78-->[:unityLibrary] AndroidManifest.xml:64:13-47
79            android:value="True" />
79-->[:unityLibrary] AndroidManifest.xml:65:13-33
80        <meta-data
80-->[:unityLibrary] AndroidManifest.xml:66:9-68:36
81            android:name="unity.launch-fullscreen"
81-->[:unityLibrary] AndroidManifest.xml:67:13-51
82            android:value="True" />
82-->[:unityLibrary] AndroidManifest.xml:68:13-33
83        <meta-data
83-->[:unityLibrary] AndroidManifest.xml:69:9-71:37
84            android:name="unity.allow-resizable-window"
84-->[:unityLibrary] AndroidManifest.xml:70:13-56
85            android:value="False" />
85-->[:unityLibrary] AndroidManifest.xml:71:13-34
86        <meta-data
86-->[:unityLibrary] AndroidManifest.xml:72:9-74:50
87            android:name="notch.config"
87-->[:unityLibrary] AndroidManifest.xml:73:13-40
88            android:value="portrait|landscape" />
88-->[:unityLibrary] AndroidManifest.xml:74:13-47
89        <meta-data
89-->[:unityLibrary] AndroidManifest.xml:75:9-77:36
90            android:name="unityplayer.SkipPermissionsDialog"
90-->[:unityLibrary] AndroidManifest.xml:76:13-61
91            android:value="true" />
91-->[:unityLibrary] AndroidManifest.xml:77:13-33
92        <meta-data
92-->[:unityLibrary] AndroidManifest.xml:78:9-80:40
93            android:name="com.google.ar.core"
93-->[:unityLibrary] AndroidManifest.xml:79:13-46
94            android:value="required" /> <!-- The minimal version code of ARCore APK required for an app using this SDK. -->
94-->[:unityLibrary] AndroidManifest.xml:80:13-37
95        <meta-data
95-->[:arcore_client:] AndroidManifest.xml:36:9-38:41
96            android:name="com.google.ar.core.min_apk_version"
96-->[:arcore_client:] AndroidManifest.xml:37:13-62
97            android:value="210910000" /> <!-- This activity is critical for installing ARCore when it is not already present. -->
97-->[:arcore_client:] AndroidManifest.xml:38:13-38
98        <activity
98-->[:arcore_client:] AndroidManifest.xml:40:9-46:80
99            android:name="com.google.ar.core.InstallActivity"
99-->[:arcore_client:] AndroidManifest.xml:41:13-62
100            android:configChanges="keyboardHidden|orientation|screenSize"
100-->[:arcore_client:] AndroidManifest.xml:42:13-74
101            android:excludeFromRecents="true"
101-->[:arcore_client:] AndroidManifest.xml:43:13-46
102            android:exported="false"
102-->[:arcore_client:] AndroidManifest.xml:44:13-37
103            android:launchMode="singleTop"
103-->[:arcore_client:] AndroidManifest.xml:45:13-43
104            android:theme="@android:style/Theme.Material.Light.Dialog.Alert" />
104-->[:arcore_client:] AndroidManifest.xml:46:13-77
105    </application>
106
107</manifest>